latgen-faster-mapped --min-active=200 --max-active=7000 --max-mem=50000000 --beam=13.0 --lattice-beam=8.0 --acoustic-scale=0.2 --allow-partial=true --word-symbol-table=/home/sky/kaldi/egs/timit/s5/exp/tri3/graph/words.txt /home/sky/kaldi/egs/timit/s5/exp/dnn4_pretrain-dbn_dnn_ali_test/final.mdl /home/sky/kaldi/egs/timit/s5/exp/tri3/graph/HCLG.fst 'ark,s,cs: cat /home/sky/pytorch-kaldi/exp/TIMIT_MLP_mfcc_shd1/exp_files/forward_TIMIT_test_ep23_ck0_out_dnn1_to_decode.ark |' 'ark:|gzip -c > /home/sky/pytorch-kaldi/exp/TIMIT_MLP_mfcc_shd1/decode_TIMIT_test_out_dnn1/lat.1.gz' 
MJDH0_SI1984 sil eh n w ah vcl d ay s cl t ey w er r sil 
LOG (latgen-faster-mapped[5.5.294-06484]:DecodeUtteranceLatticeFaster():decoder-wrappers.cc:289) Log-like per frame for utterance MJDH0_SI1984 is 0.670186 over 126 frames.
MJMP0_SX5 sil sh iy ix s cl t eh dx er z ix n ay ae m sil 
LOG (latgen-faster-mapped[5.5.294-06484]:DecodeUtteranceLatticeFaster():decoder-wrappers.cc:289) Log-like per frame for utterance MJMP0_SX5 is 0.733053 over 158 frames.
MBPM0_SX227 sil ix cl t eh l f y er vcl d ix cl k ax cl k w ax th ah cl ch er dx er sil 
LOG (latgen-faster-mapped[5.5.294-06484]:DecodeUtteranceLatticeFaster():decoder-wrappers.cc:289) Log-like per frame for utterance MBPM0_SX227 is 0.704527 over 175 frames.
MLNT0_SI1902 sil dh ax cl p aa l s ix ng vcl g l ow cl p ax s ih vcl er r eh cl t sil 
LOG (latgen-faster-mapped[5.5.294-06484]:DecodeUtteranceLatticeFaster():decoder-wrappers.cc:289) Log-like per frame for utterance MLNT0_SI1902 is 0.694963 over 185 frames.
MWBT0_SI2183 sil b ao cl k s ah f ow sh epi n aa cl k s sil 
LOG (latgen-faster-mapped[5.5.294-06484]:DecodeUtteranceLatticeFaster():decoder-wrappers.cc:289) Log-like per frame for utterance MWBT0_SI2183 is 0.736438 over 187 frames.
MBPM0_SI1577 sil b r aw n ay z ay vcl b r ae l m ax s cl t ae sh sil 
LOG (latgen-faster-mapped[5.5.294-06484]:DecodeUtteranceLatticeFaster():decoder-wrappers.cc:289) Log-like per frame for utterance MBPM0_SI1577 is 0.783026 over 195 frames.
MGRT0_SX280 sil dh iy l ey s ix s epi w ax z ax m er aa zh jh sil 
LOG (latgen-faster-mapped[5.5.294-06484]:DecodeUtteranceLatticeFaster():decoder-wrappers.cc:289) Log-like per frame for utterance MGRT0_SX280 is 0.787478 over 196 frames.
MNJM0_SI2210 sil m ow r iy cl t er n ae vcl g r ah s epi w ah cl s ax l er sil 
LOG (latgen-faster-mapped[5.5.294-06484]:DecodeUtteranceLatticeFaster():decoder-wrappers.cc:289) Log-like per frame for utterance MNJM0_SI2210 is 0.687067 over 202 frames.
MJLN0_SI2079 sil eh n ih vcl s l ae cl dh eh er f ay ay s sil 
LOG (latgen-faster-mapped[5.5.294-06484]:DecodeUtteranceLatticeFaster():decoder-wrappers.cc:289) Log-like per frame for utterance MJLN0_SI2079 is 0.714654 over 210 frames.
MJMP0_SX185 sil hh iy vcl jh uw vcl b ay ix n iy cl k ao r dx er ay ow v er aa l z sil 
LOG (latgen-faster-mapped[5.5.294-06484]:DecodeUtteranceLatticeFaster():decoder-wrappers.cc:289) Log-like per frame for utterance MJMP0_SX185 is 0.75343 over 210 frames.
MJDH0_SX184 sil dh ix cl k ae cl s cl p iy ae l w iy s er cl ch epi w iy er z sil 
LOG (latgen-faster-mapped[5.5.294-06484]:DecodeUtteranceLatticeFaster():decoder-wrappers.cc:289) Log-like per frame for utterance MJDH0_SX184 is 0.711695 over 212 frames.
MBPM0_SX47 sil m aa m s cl t ao n l ix vcl d ix s l ay cl k s eh cl p ax cl t ay z er z sil 
LOG (latgen-faster-mapped[5.5.294-06484]:DecodeUtteranceLatticeFaster():decoder-wrappers.cc:289) Log-like per frame for utterance MBPM0_SX47 is 0.759297 over 214 frames.
MTLS0_SI740 sil d iy w ix th aw cl f ae n s iy cl t ey vcl b el hh ao ax s sil 
LOG (latgen-faster-mapped[5.5.294-06484]:DecodeUtteranceLatticeFaster():decoder-wrappers.cc:289) Log-like per frame for utterance MTLS0_SI740 is 0.693463 over 216 frames.
MTLS0_SX380 sil w ay cl ch aa r vcl jh epi m ah n iy f er s eh cl ch vcl g aa r cl p ix cl ch sil 
LOG (latgen-faster-mapped[5.5.294-06484]:DecodeUtteranceLatticeFaster():decoder-wrappers.cc:289) Log-like per frame for utterance MTLS0_SX380 is 0.852904 over 219 frames.
MGRT0_SI2080 sil hh iy w uh vcl n aa cl k eh r iy ix vcl b r iy f cl k ey s sil 
LOG (latgen-faster-mapped[5.5.294-06484]:DecodeUtteranceLatticeFaster():decoder-wrappers.cc:289) Log-like per frame for utterance MGRT0_SI2080 is 0.855959 over 229 frames.
MJDH0_SX4 sil jh ey n m ey er n m ao r m oy ix vcl b aa r w er cl k ix ng hh ao r vcl d sil 
LOG (latgen-faster-mapped[5.5.294-06484]:DecodeUtteranceLatticeFaster():decoder-wrappers.cc:289) Log-like per frame for utterance MJDH0_SX4 is 0.717815 over 230 frames.
MLNT0_SX12 sil w ow l aa vcl b ix n w eh r ey y eh l ow l vcl d ih l iy sil 
LOG (latgen-faster-mapped[5.5.294-06484]:DecodeUtteranceLatticeFaster():decoder-wrappers.cc:289) Log-like per frame for utterance MLNT0_SX12 is 0.798389 over 230 frames.
MBPM0_SX317 sil dh ix cl k r eh n vcl b r ey vcl b ao vcl g ix cl t s vcl b r ey cl p er dx iy ix n aa dx ax m sil 
LOG (latgen-faster-mapped[5.5.294-06484]:DecodeUtteranceLatticeFaster():decoder-wrappers.cc:289) Log-like per frame for utterance MBPM0_SX317 is 0.766254 over 231 frames.
MLNT0_SX192 sil s cl t r aa hh ae cl s cl t er aw dx er f cl t ae sh ix n vcl d ih sh iy er sil 
LOG (latgen-faster-mapped[5.5.294-06484]:DecodeUtteranceLatticeFaster():decoder-wrappers.cc:289) Log-like per frame for utterance MLNT0_SX192 is 0.720694 over 231 frames.
MLLL0_SX103 sil k aa l ae m y uw ix n s f er m eh dx ih cl k el s ix z cl t ax vcl t s sil 
LOG (latgen-faster-mapped[5.5.294-06484]:DecodeUtteranceLatticeFaster():decoder-wrappers.cc:289) Log-like per frame for utterance MLLL0_SX103 is 0.644244 over 232 frames.
MJMP0_SI1535 sil hh iy cl t r ae v el vcl l eh s cl t ih z cl p iy sh ih vcl f ey l sil 
LOG (latgen-faster-mapped[5.5.294-06484]:DecodeUtteranceLatticeFaster():decoder-wrappers.cc:289) Log-like per frame for utterance MJMP0_SI1535 is 0.836882 over 233 frames.
MLLL0_SI1993 sil sh uh vcl sh iy w ey cl k ih m sil 
LOG (latgen-faster-mapped[5.5.294-06484]:DecodeUtteranceLatticeFaster():decoder-wrappers.cc:289) Log-like per frame for utterance MLLL0_SI1993 is 0.627395 over 246 frames.
MJLN0_SX9 sil w er w er y uw w ah l w iy w er w ey ng sil 
LOG (latgen-faster-mapped[5.5.294-06484]:DecodeUtteranceLatticeFaster():decoder-wrappers.cc:289) Log-like per frame for utterance MJLN0_SX9 is 0.771826 over 247 frames.
FJLM0_SX233 sil hh aw w ey ax n f r iy w ey m iy n m ax s ay n cl t ae ng sil 
LOG (latgen-faster-mapped[5.5.294-06484]:DecodeUtteranceLatticeFaster():decoder-wrappers.cc:289) Log-like per frame for utterance FJLM0_SX233 is 0.790146 over 250 frames.
MTLS0_SX200 sil r ae f cl k ix n cl t r ow dh ix s cl t aa cl p ao cl ch f er m dh ax cl p iy cl ch er z sil 
LOG (latgen-faster-mapped[5.5.294-06484]:DecodeUtteranceLatticeFaster():decoder-wrappers.cc:289) Log-like per frame for utterance MTLS0_SX200 is 0.751711 over 252 frames.
MBPM0_SX407 sil l ae f cl t eh n cl t en s ih ng ix f ao r sh en s l ay l z ax cl p ao n y uw sil 
LOG (latgen-faster-mapped[5.5.294-06484]:DecodeUtteranceLatticeFaster():decoder-wrappers.cc:289) Log-like per frame for utterance MBPM0_SX407 is 0.736816 over 253 frames.
MJDH0_SI724 sil ix cl t ix s cl t r iy m ay ng r ay f el f ae s cl t ax n w aa m ey vcl d sil 
LOG (latgen-faster-mapped[5.5.294-06484]:DecodeUtteranceLatticeFaster():decoder-wrappers.cc:289) Log-like per frame for utterance MJDH0_SI724 is 0.774862 over 255 frames.
MJMP0_SI905 sil hh ix z w er cl b iy vcl g ae n vcl d ih s ix cl t s cl t ey z eh f cl t ax dh ax f l ah vcl sil 
LOG (latgen-faster-mapped[5.5.294-06484]:DecodeUtteranceLatticeFaster():decoder-wrappers.cc:289) Log-like per frame for utterance MJMP0_SI905 is 0.735687 over 267 frames.
MJDH0_SX94 sil y ah n s cl t uw z l ah v cl k aa m ix n cl k ae n y uw s cl t r iy cl t s sil 
LOG (latgen-faster-mapped[5.5.294-06484]:DecodeUtteranceLatticeFaster():decoder-wrappers.cc:289) Log-like per frame for utterance MJDH0_SX94 is 0.720205 over 271 frames.
MLLL0_SX13 sil s w ih ng y er aa r m ix z hh ay z ix cl k ae m sil 
LOG (latgen-faster-mapped[5.5.294-06484]:DecodeUtteranceLatticeFaster():decoder-wrappers.cc:289) Log-like per frame for utterance MLLL0_SX13 is 0.726011 over 271 frames.
MNJM0_SX410 sil g r ey vcl b ay s f r eh sh epi n ih l cl k iy cl ch epi w iy cl dh ey m ao r n ix ng sil 
LOG (latgen-faster-mapped[5.5.294-06484]:DecodeUtteranceLatticeFaster():decoder-wrappers.cc:289) Log-like per frame for utterance MNJM0_SX410 is 0.780881 over 273 frames.
MJMP0_SX275 sil s cl t iy iy v ao r vcl b r ey cl r eh vcl k ae zh m er s epi w eh dx er sil 
LOG (latgen-faster-mapped[5.5.294-06484]:DecodeUtteranceLatticeFaster():decoder-wrappers.cc:289) Log-like per frame for utterance MJMP0_SX275 is 0.853911 over 275 frames.
MLLL0_SX373 sil ah vcl b ao r ix n aa m ow ix z ix s ax cl p er vcl s ih cl k ix n cl p eh l sil 
LOG (latgen-faster-mapped[5.5.294-06484]:DecodeUtteranceLatticeFaster():decoder-wrappers.cc:289) Log-like per frame for utterance MLLL0_SX373 is 0.763331 over 278 frames.
FJLM0_SX323 sil dh ax f aa l cl p er v ih n ih vcl d ih m f er m er r aa v ix ng aa n cl t aa m sil 
LOG (latgen-faster-mapped[5.5.294-06484]:DecodeUtteranceLatticeFaster():decoder-wrappers.cc:289) Log-like per frame for utterance FJLM0_SX323 is 0.764955 over 282 frames.
MTLS0_SI2000 sil w iy cl k ix ng vcl g ih dx ih cl p ix f w ix vcl d iy ey vcl g iy sil hh iy s ix vcl p ey sh ix vcl d l iy sil 
LOG (latgen-faster-mapped[5.5.294-06484]:DecodeUtteranceLatticeFaster():decoder-wrappers.cc:289) Log-like per frame for utterance MTLS0_SI2000 is 0.714439 over 285 frames.
MGRT0_SX190 sil s er ix v z ix cl k l ow s l aa hh ae f sh er aa hh ae vcl dh iy l eh l sil 
LOG (latgen-faster-mapped[5.5.294-06484]:DecodeUtteranceLatticeFaster():decoder-wrappers.cc:289) Log-like per frame for utterance MGRT0_SX190 is 0.746296 over 287 frames.
MJLN0_SX369 sil b aa vcl p ey cl p er dx ow v er dh ax l ih v ih ng uw m ih r el s sil 
LOG (latgen-faster-mapped[5.5.294-06484]:DecodeUtteranceLatticeFaster():decoder-wrappers.cc:289) Log-like per frame for utterance MJLN0_SX369 is 0.712771 over 287 frames.
MNJM0_SX140 sil p ey er cl k ao l cl ch el cl p r aa dx aa cl s aa r aa n ey v ax l iy dh ix s sh uh dx ix dh ix vcl sil 
LOG (latgen-faster-mapped[5.5.294-06484]:DecodeUtteranceLatticeFaster():decoder-wrappers.cc:289) Log-like per frame for utterance MNJM0_SX140 is 0.660631 over 288 frames.
MWBT0_SI923 sil t uw m eh m iy eh cl k s cl p er cl t s dh ih s cl t r ae n w ax z ix n eh v ax n ax vcl b el sil 
LOG (latgen-faster-mapped[5.5.294-06484]:DecodeUtteranceLatticeFaster():decoder-wrappers.cc:289) Log-like per frame for utterance MWBT0_SI923 is 0.794612 over 294 frames.
MJLN0_SX189 sil dh ix s cl t r oy iy eh v r iy f ay aa r l ey dx ix vcl t uw m ay ao dx ix cl s sil 
LOG (latgen-faster-mapped[5.5.294-06484]:DecodeUtteranceLatticeFaster():decoder-wrappers.cc:289) Log-like per frame for utterance MJLN0_SX189 is 0.767421 over 295 frames.
MNJM0_SI1580 sil y ao l oy s ey n cl dh ax hh ae v m ah n ix cl k ix n ix s cl p aa cl k ix cl sil 
LOG (latgen-faster-mapped[5.5.294-06484]:DecodeUtteranceLatticeFaster():decoder-wrappers.cc:289) Log-like per frame for utterance MNJM0_SI1580 is 0.690704 over 298 frames.
MGRT0_SX10 sil aa r y er vcl g r ey vcl z hh ay er ao r l ow er dh ax n ae n s iy z sil 
LOG (latgen-faster-mapped[5.5.294-06484]:DecodeUtteranceLatticeFaster():decoder-wrappers.cc:289) Log-like per frame for utterance MGRT0_SX10 is 0.80899 over 299 frames.
MTLS0_SX20 sil sh iy w ao r w ao r m th iy s iy w ax l ih n ow v er aa l z sil 
LOG (latgen-faster-mapped[5.5.294-06484]:DecodeUtteranceLatticeFaster():decoder-wrappers.cc:289) Log-like per frame for utterance MTLS0_SX20 is 0.810805 over 299 frames.
MBPM0_SI947 sil f y uw r ow l er z ax cl p er cl t eh cl t ix vcl b ah z ah n ix ng sil 
LOG (latgen-faster-mapped[5.5.294-06484]:DecodeUtteranceLatticeFaster():decoder-wrappers.cc:289) Log-like per frame for utterance MBPM0_SI947 is 0.68304 over 307 frames.
MJMP0_SX95 sil hh iy vcl g l aa n eh z ix n ae l ix vcl g ih dx er z er cl t r ae cl p ix cl k el r eh cl t ay l z sil 
LOG (latgen-faster-mapped[5.5.294-06484]:DecodeUtteranceLatticeFaster():decoder-wrappers.cc:289) Log-like per frame for utterance MJMP0_SX95 is 0.773966 over 307 frames.
FJLM0_SX53 sil iy dx ix n ih s ih n cl p el vcl b el cl k ae vcl b iy l eh r iy cl k ix n cl t ey n s ih m el z sil 
LOG (latgen-faster-mapped[5.5.294-06484]:DecodeUtteranceLatticeFaster():decoder-wrappers.cc:289) Log-like per frame for utterance FJLM0_SX53 is 0.752235 over 308 frames.
MLNT0_SX372 sil dh eh vcl d ay vcl g r aw m ey cl k s eh n s cl p oy n l iy ae f cl t er m ay cl ch cl t ae dx iy sil 
LOG (latgen-faster-mapped[5.5.294-06484]:DecodeUtteranceLatticeFaster():decoder-wrappers.cc:289) Log-like per frame for utterance MLNT0_SX372 is 0.761447 over 309 frames.
MWBT0_SX203 sil dh ix cl k ao z w ey ih n vcl d ih vcl d ah vcl b r ah cl p l iy sil d ah cl dh ix sh ao er sil 
LOG (latgen-faster-mapped[5.5.294-06484]:DecodeUtteranceLatticeFaster():decoder-wrappers.cc:289) Log-like per frame for utterance MWBT0_SX203 is 0.731813 over 311 frames.
MJDH0_SX274 sil dh ax v epi w ix s uw z vcl b ah dh ax l ix cl ch y er r iy s epi m ix s aa cl ch sil 
LOG (latgen-faster-mapped[5.5.294-06484]:DecodeUtteranceLatticeFaster():decoder-wrappers.cc:289) Log-like per frame for utterance MJDH0_SX274 is 0.62352 over 312 frames.
FJLM0_SI1673 sil w eh n cl t ey ih ng hh iy cl t ay sil n ah vcl b ay ey n ow z ax vcl b ae dx ix iy hh eh cl sil 
LOG (latgen-faster-mapped[5.5.294-06484]:DecodeUtteranceLatticeFaster():decoder-wrappers.cc:289) Log-like per frame for utterance FJLM0_SI1673 is 0.628541 over 314 frames.
MJLN0_SX99 sil m ih vcl d iy v el s ax s ay dx iy w ix th vcl b ey s cl t ao ng hh ay er aa r cl k iy s sil 
LOG (latgen-faster-mapped[5.5.294-06484]:DecodeUtteranceLatticeFaster():decoder-wrappers.cc:289) Log-like per frame for utterance MJLN0_SX99 is 0.79751 over 314 frames.
MWBT0_SX23 sil dh ow z epi m uw z ih sh ix n z hh ay m ax n ay z epi m ay l v el ax s l iy sil 
LOG (latgen-faster-mapped[5.5.294-06484]:DecodeUtteranceLatticeFaster():decoder-wrappers.cc:289) Log-like per frame for utterance MWBT0_SX23 is 0.772696 over 315 frames.
MLNT0_SX282 sil dh ix cl t uw th cl p eh r iy f er vcl g ae cl t ix cl k aa m ax n r aa vcl d er s cl t uw cl t vcl d eh l aa cl t sil 
LOG (latgen-faster-mapped[5.5.294-06484]:DecodeUtteranceLatticeFaster():decoder-wrappers.cc:289) Log-like per frame for utterance MLNT0_SX282 is 0.709259 over 317 frames.
MTLS0_SX290 sil dh ih s cl p r ow sh ih r ix s cl p ih cl dh ix n f ao r m cl t ix f er cl p er s cl p eh cl t ax v vcl b ay sil 
LOG (latgen-faster-mapped[5.5.294-06484]:DecodeUtteranceLatticeFaster():decoder-wrappers.cc:289) Log-like per frame for utterance MTLS0_SX290 is 0.689063 over 317 frames.
MWBT0_SX113 sil ey m ah s cl k ih l eh ae vcl d ax m ah n sil ix z vcl g uh vcl f ao dx ix vcl b ae cl k sil 
LOG (latgen-faster-mapped[5.5.294-06484]:DecodeUtteranceLatticeFaster():decoder-wrappers.cc:289) Log-like per frame for utterance MWBT0_SX113 is 0.799393 over 331 frames.
MGRT0_SX370 sil dh eh m oy s cl p r ao l ax m vcl g r ow z m ao r ah n oy ix ng iy cl ch cl t ey sil 
LOG (latgen-faster-mapped[5.5.294-06484]:DecodeUtteranceLatticeFaster():decoder-wrappers.cc:289) Log-like per frame for utterance MGRT0_SX370 is 0.767887 over 334 frames.
FJLM0_SX143 sil dh ix s ae n cl t ix vcl jh ih n er f er z vcl b y uw cl k el s cl k eh er vcl d eh ae n ax l ax l cl sil 
LOG (latgen-faster-mapped[5.5.294-06484]:DecodeUtteranceLatticeFaster():decoder-wrappers.cc:289) Log-like per frame for utterance FJLM0_SX143 is 0.64734 over 338 frames.
FJLM0_SX413 sil dh eh f dh iy s w iy ih sh epi n iy dx ax cl p oy n cl s cl k aa r f epi m ae cl ch cl t er s cl k eh r cl sil 
LOG (latgen-faster-mapped[5.5.294-06484]:DecodeUtteranceLatticeFaster():decoder-wrappers.cc:289) Log-like per frame for utterance FJLM0_SX413 is 0.716615 over 338 frames.
MNJM0_SX50 sil k ae dx ah s cl t r ao f ix cl k eh cl k ix n aa m ix cl k ah cl b ae cl k s dh ix vcl g l ae cl dh ax cl p ao r sil 
LOG (latgen-faster-mapped[5.5.294-06484]:DecodeUtteranceLatticeFaster():decoder-wrappers.cc:289) Log-like per frame for utterance MNJM0_SX50 is 0.74866 over 338 frames.
MTLS0_SX110 sil dh ax vcl b ae s cl k w ah cl t ax m er n sil ix s cl t ix s aa vcl b eh cl k s cl t er cl p r aa vcl b l m z sil 
LOG (latgen-faster-mapped[5.5.294-06484]:DecodeUtteranceLatticeFaster():decoder-wrappers.cc:289) Log-like per frame for utterance MTLS0_SX110 is 0.756021 over 338 frames.
FJLM0_SI1043 sil n aa s ax cl p r ae z ix ng l iy sil dh ih s ix cl p r ow vcl jh cl d ih vcl n aw w eh er cl k sil 
LOG (latgen-faster-mapped[5.5.294-06484]:DecodeUtteranceLatticeFaster():decoder-wrappers.cc:289) Log-like per frame for utterance FJLM0_SI1043 is 0.745697 over 340 frames.
MLLL0_SX193 sil w ay vcl b ay ao l oy l sil w ix n y ao l ix sh uw z m ay n sil 
LOG (latgen-faster-mapped[5.5.294-06484]:DecodeUtteranceLatticeFaster():decoder-wrappers.cc:289) Log-like per frame for utterance MLLL0_SX193 is 0.689604 over 347 frames.
MNJM0_SX230 sil ah l aa l iy w ey hh ih er vcl b ax r ae cl sh en ax l ay z ao l eh r m z sil 
LOG (latgen-faster-mapped[5.5.294-06484]:DecodeUtteranceLatticeFaster():decoder-wrappers.cc:289) Log-like per frame for utterance MNJM0_SX230 is 0.744 over 353 frames.
MJLN0_SX279 sil hh aw s ix z ax vcl b ih l iy cl t ax w ao r cl k w ix th aw cl s ix cl p er v ih zh ix n sil ix z n ow w er z ix ng sil 
LOG (latgen-faster-mapped[5.5.294-06484]:DecodeUtteranceLatticeFaster():decoder-wrappers.cc:289) Log-like per frame for utterance MJLN0_SX279 is 0.753699 over 357 frames.
MWBT0_SX293 sil k dh iy z cl t ey cl dh ih z cl t uw dx iy cl t ey vcl b el cl k l ao s cl t ix dh ix cl k l iy n ih z f ax m ey dx iy sil 
LOG (latgen-faster-mapped[5.5.294-06484]:DecodeUtteranceLatticeFaster():decoder-wrappers.cc:289) Log-like per frame for utterance MWBT0_SX293 is 0.778988 over 360 frames.
MLNT0_SX102 sil s cl p eh sh uh cl t ae s f ao r s ix z epi r eh s cl k y uw hh aa s cl t ix vcl jh ix s f er m cl k ih cl m ae cl p er s sil 
LOG (latgen-faster-mapped[5.5.294-06484]:DecodeUtteranceLatticeFaster():decoder-wrappers.cc:289) Log-like per frame for utterance MLNT0_SX102 is 0.786513 over 365 frames.
MBPM0_SX137 sil t sil t er vcl d ih sh ix n er cl k w aa r s cl p r eh n l ax cl p r uw v el f r ah n vcl d er ey vcl jh m eh er vcl jh sil 
LOG (latgen-faster-mapped[5.5.294-06484]:DecodeUtteranceLatticeFaster():decoder-wrappers.cc:289) Log-like per frame for utterance MBPM0_SX137 is 0.737634 over 370 frames.
MBPM0_SI1584 sil r eh cl t er z ao f ax m cl k y er iy ix s epi ao f ix n cl t ah m cl t ix vcl d eh s cl k w eh sh cl ch en z vcl b ix dx iy n eh v er vcl d ih vcl sil 
LOG (latgen-faster-mapped[5.5.294-06484]:DecodeUtteranceLatticeFaster():decoder-wrappers.cc:289) Log-like per frame for utterance MBPM0_SI1584 is 0.731561 over 378 frames.
MNJM0_SX320 sil dh ih m eh er ix s ah n ax vcl g aa vcl d sil m eh n aa vcl b y uw ax th uw m w aa cl k ix ng cl dh ih s dh ix n cl s sil 
LOG (latgen-faster-mapped[5.5.294-06484]:DecodeUtteranceLatticeFaster():decoder-wrappers.cc:289) Log-like per frame for utterance MNJM0_SX320 is 0.687255 over 379 frames.
MLLL0_SX283 sil p l ae n vcl d cl p eh r hh uh dx ao r vcl g r ih z ey sh ix n s sil p r ow cl b er z cl k ix vcl d r ow sil 
LOG (latgen-faster-mapped[5.5.294-06484]:DecodeUtteranceLatticeFaster():decoder-wrappers.cc:289) Log-like per frame for utterance MLLL0_SX283 is 0.678897 over 380 frames.
MJMP0_SX365 sil dh ix vcl d eh n m ix n cl t eh cl t ix z dh ih cl t ax m cl k ao r er vcl d eh vcl t eh m cl p oy n cl f r ix th r iy aw er z sil 
LOG (latgen-faster-mapped[5.5.294-06484]:DecodeUtteranceLatticeFaster():decoder-wrappers.cc:289) Log-like per frame for utterance MJMP0_SX365 is 0.780574 over 387 frames.
MWBT0_SX383 sil dh ix cl k aa cl p ix cl k l iy dx er z sil sh ae n cl p r uw uw vcl b aw er ao r iy ah m cl t ow r ay cl k sil 
LOG (latgen-faster-mapped[5.5.294-06484]:DecodeUtteranceLatticeFaster():decoder-wrappers.cc:289) Log-like per frame for utterance MWBT0_SX383 is 0.741255 over 388 frames.
FJLM0_SI2303 sil ix n sh ao r cl ae n cl t ix vcl b aa r ix n aa r vcl b er el f r ey z sil s l ay sh cl t iy m er sil 
LOG (latgen-faster-mapped[5.5.294-06484]:DecodeUtteranceLatticeFaster():decoder-wrappers.cc:289) Log-like per frame for utterance FJLM0_SI2303 is 0.774469 over 404 frames.
MLNT0_SI642 sil dh eh r cl p aa cl s f er cl t uw v z cl t ah cl p l ae dx er z eh cl ch ey er eh n aa cl p aa m f cl p ae n sil 
LOG (latgen-faster-mapped[5.5.294-06484]:DecodeUtteranceLatticeFaster():decoder-wrappers.cc:289) Log-like per frame for utterance MLNT0_SI642 is 0.741905 over 407 frames.
MTLS0_SI1370 sil w ix m ey s ey dx ih cl hh ih s cl p r aa m ax n w ax z vcl d ay vcl n ow s cl t sil m ah cl p eh cl hh iy r iy f y uw z cl t r iy cl m ix cl sil 
LOG (latgen-faster-mapped[5.5.294-06484]:DecodeUtteranceLatticeFaster():decoder-wrappers.cc:289) Log-like per frame for utterance MTLS0_SI1370 is 0.737835 over 408 frames.
MJLN0_SI1449 sil k iy f ih n cl t er s ih n r ey dx ih s cl t eh r l ax z ey sh ix n r ih z ay vcl z ix n dh ax m ow l ax cl t er s er v er s ix z sil 
LOG (latgen-faster-mapped[5.5.294-06484]:DecodeUtteranceLatticeFaster():decoder-wrappers.cc:289) Log-like per frame for utterance MJLN0_SI1449 is 0.741654 over 431 frames.
MLLL0_SI733 sil t uw ow v oy cl p ah n cl sh r ih n er cl k ey n ix n cl t ix n vcl b iy cl t s cl t eh s dh ax m sil 
LOG (latgen-faster-mapped[5.5.294-06484]:DecodeUtteranceLatticeFaster():decoder-wrappers.cc:289) Log-like per frame for utterance MLLL0_SI733 is 0.660031 over 433 frames.
MJDH0_SX364 sil iy cl ch ah n cl t ay n l iy n cl k ah m ao s cl k ow n cl s ay dx ax w ix th ax cl p r iy cl d aw n ax f ix hh iy dx iy ng s ix s cl t en cl p ao r cl sil 
LOG (latgen-faster-mapped[5.5.294-06484]:DecodeUtteranceLatticeFaster():decoder-wrappers.cc:289) Log-like per frame for utterance MJDH0_SX364 is 0.750011 over 440 frames.
MJLN0_SI819 sil dh ih er f ao r s ix z ax m ao r l ey n en vcl b ih n ih n l ih cl t r ih s ix vcl d iy sil eh n l eh s dh ix n ih n m ae ng th ih z ix n sil 
LOG (latgen-faster-mapped[5.5.294-06484]:DecodeUtteranceLatticeFaster():decoder-wrappers.cc:289) Log-like per frame for utterance MJLN0_SI819 is 0.765531 over 452 frames.
MJMP0_SI1791 sil n ow dh ax m ae n w ax z n aa cl t r ow n cl t sil hh iy w ah n vcl d er vcl hh ae dx iy vcl g eh cl t ay vcl d ah cl p w ix th ih s cl t r ey n zh er sil 
LOG (latgen-faster-mapped[5.5.294-06484]:DecodeUtteranceLatticeFaster():decoder-wrappers.cc:289) Log-like per frame for utterance MJMP0_SI1791 is 0.698212 over 466 frames.
MWBT0_SI1553 sil hh ow w eh m ah dh ax l ih dx er r iy m ey n ao vcl b ae n cl t ix vcl b ay s eh v el vcl d ah z ax n l ah cl ch f er l m s ah cl p er z sil 
LOG (latgen-faster-mapped[5.5.294-06484]:DecodeUtteranceLatticeFaster():decoder-wrappers.cc:289) Log-like per frame for utterance MWBT0_SI1553 is 0.727837 over 474 frames.
MLNT0_SI1574 sil b l ay s epi w ao r n vcl d er r aw n dh ax vcl b el ax vcl b l eh n cl t uw el z ix n w ih cl ch iy m aa cl sil d ih cl sil b r ay cl sil b r eh cl t sil 
LOG (latgen-faster-mapped[5.5.294-06484]:DecodeUtteranceLatticeFaster():decoder-wrappers.cc:289) Log-like per frame for utterance MLNT0_SI1574 is 0.694259 over 476 frames.
MJDH0_SI1354 sil w ix th ih n l aa r vcl jh er s ow sh el s ih s cl t ax m w aa r dh ix s cl t r ah cl k sh r el f ao n cl t r m el s ah cl p s ix s cl t m z sil 
LOG (latgen-faster-mapped[5.5.294-06484]:DecodeUtteranceLatticeFaster():decoder-wrappers.cc:289) Log-like per frame for utterance MJDH0_SI1354 is 0.701492 over 479 frames.
MGRT0_SX100 sil p r ah vcl jh ih vcl d ix v eh l ax m ah n cl k w ax s cl p er s iy dx iy ng cl t uw s l ow l iy sil 
LOG (latgen-faster-mapped[5.5.294-06484]:DecodeUtteranceLatticeFaster():decoder-wrappers.cc:289) Log-like per frame for utterance MGRT0_SX100 is 0.726265 over 491 frames.
MLLL0_SI1363 sil s ah l iy z cl p ih cl k ih l ey sh ix n s epi m eh s ah m eh r ix cl sil ah dh er sh ix s ah m w ah dx ix n vcl b ih vcl g y uw ax s sil 
LOG (latgen-faster-mapped[5.5.294-06484]:DecodeUtteranceLatticeFaster():decoder-wrappers.cc:289) Log-like per frame for utterance MLLL0_SI1363 is 0.702808 over 497 frames.
MNJM0_SI950 sil ae s aa cl ch sil ih w ax z vcl b iy aa m cl p ao l ax th eh cl s ax n hh ae vcl n ow n iy dx ix cl t ax f ax dh ax cl k ey sh ix n sil l ey m eh s ix vcl jh sil 
LOG (latgen-faster-mapped[5.5.294-06484]:DecodeUtteranceLatticeFaster():decoder-wrappers.cc:289) Log-like per frame for utterance MNJM0_SI950 is 0.762554 over 545 frames.
MGRT0_SI820 sil b ay dh ae eh n vcl d sil w ah n f iy l z eh cl m ey cl ae n ix vcl f ao r s ix z sil aa er z vcl jh eh n ah l cl hh ae z ix l eh cl k ix cl k el f ao r s ix z sil 
LOG (latgen-faster-mapped[5.5.294-06484]:DecodeUtteranceLatticeFaster():decoder-wrappers.cc:289) Log-like per frame for utterance MGRT0_SI820 is 0.740504 over 610 frames.
MGRT0_SI1450 sil m iy cl k s sil dh er r iy ey sh en cl p r ao s eh s ix ng hh ah v m iy vcl d hh ae z r iy s iy dx iy cl k s cl t ih n s iy v ih n m ih s cl t ix vcl g ey sh ix n sil 
LOG (latgen-faster-mapped[5.5.294-06484]:DecodeUtteranceLatticeFaster():decoder-wrappers.cc:289) Log-like per frame for utterance MGRT0_SI1450 is 0.800355 over 614 frames.
LOG (latgen-faster-mapped[5.5.294-06484]:main():latgen-faster-mapped.cc:164) Time taken 6.48198s: real-time factor assuming 100 frames/sec is 0.0232729
LOG (latgen-faster-mapped[5.5.294-06484]:main():latgen-faster-mapped.cc:167) Done 88 utterances, failed for 0
LOG (latgen-faster-mapped[5.5.294-06484]:main():latgen-faster-mapped.cc:169) Overall log-likelihood per frame is 0.73889 over 27852 frames.
